Sistema: Mac OS X
Java: 11.0.15
JavaHome: /Applications/IRPF2025/.install4j/jre.bundle/Contents/Home
mar 18, 2025 8:21:11 PM serpro.ppgd.negocio.util.LogPPGD erro
GRAVE: /Users/jessemisaeldepaula/.rfb/.cacheni.properties (No such file or directory)
Warning: Could not get charToByteConverterClass!
mar 18, 2025 8:21:44 PM serpro.ppgd.negocio.util.LogPPGD erro
GRAVE: Unparseable date: "00000000000000"
mar 18, 2025 8:39:46 PM serpro.ppgd.negocio.util.LogPPGD erro
GRAVE: Erro deletar arquivo.
mar 18, 2025 8:40:07 PM serpro.ppgd.negocio.util.LogPPGD erro
GRAVE: Erro ao excluir backup (não existe)
mar 18, 2025 8:40:07 PM serpro.ppgd.negocio.util.LogPPGD erro
GRAVE: Erro deletar arquivo.
mar 18, 2025 8:41:17 PM serpro.ppgd.negocio.util.LogPPGD erro
GRAVE: Erro nï¿½o Tratado: java.lang.NullPointerException
mar 18, 2025 8:41:50 PM serpro.ppgd.negocio.util.LogPPGD erro
GRAVE: Erro ao excluir backup (não existe)
mar 18, 2025 8:41:50 PM serpro.ppgd.negocio.util.LogPPGD erro
GRAVE: Erro deletar arquivo.
mar 18, 2025 8:41:52 PM serpro.ppgd.negocio.util.LogPPGD erro
GRAVE: No printer available.
mar 18, 2025 8:42:34 PM serpro.ppgd.negocio.util.LogPPGD erro
GRAVE: Erro ao excluir backup (não existe)
mar 18, 2025 8:42:34 PM serpro.ppgd.negocio.util.LogPPGD erro
GRAVE: Erro deletar arquivo.
mar 18, 2025 8:42:48 PM serpro.ppgd.negocio.util.LogPPGD erro
GRAVE: Erro nï¿½o Tratado: java.lang.NullPointerException
Sistema: Mac OS X
Java: 11.0.15
JavaHome: /Applications/IRPF2025/.install4j/jre.bundle/Contents/Home
cmdDir=/Applications/IRPF2025
cmd=[/Applications/IRPF2025/.install4j/jre.bundle/Contents/Home/bin/java, -jar, /Applications/IRPF2025/pgd-updater.jar, -U, -W, -appName, IRPF2025, -tempDir, /Users/jessemisaeldepaula/.irpf/tmp_IRPF2025, -destDir, /Applications/IRPF2025, -zipFile, IRPF2025-1.0_update_1.1.zip, -releaseUpdateProperties, /Users/jessemisaeldepaula/Documents/ProgramasRFB/IRPF2025/aplicacao/dados/release_properties.xml, -logFile, /Users/jessemisaeldepaula/Documents/ProgramasRFB/IRPF2025/updater.log, -appComandSeparator, #, -appComand, open#/Applications/IRPF2025/IRPF2025.app]
Sistema: Mac OS X
Java: 11.0.15
JavaHome: /Applications/IRPF2025/.install4j/jre.bundle/Contents/Home
Warning: Could not get charToByteConverterClass!
mar 26, 2025 11:31:50 AM serpro.ppgd.negocio.util.LogPPGD erro
GRAVE: Erro ao excluir backup (não existe)
mar 26, 2025 11:31:50 AM serpro.ppgd.negocio.util.LogPPGD erro
GRAVE: Erro deletar arquivo.
Exception in thread "AWT-EventQueue-0" java.lang.NullPointerException
	at org.jdesktop.swingx.plaf.basic.BasicTaskPaneUI.getPreferredSize(BasicTaskPaneUI.java:246)
	at java.desktop/javax.swing.JComponent.getPreferredSize(Unknown Source)
	at org.jdesktop.swingx.VerticalLayout.preferredLayoutSize(VerticalLayout.java:80)
	at java.desktop/java.awt.Container.preferredSize(Unknown Source)
	at java.desktop/java.awt.Container.getPreferredSize(Unknown Source)
	at java.desktop/javax.swing.JComponent.getPreferredSize(Unknown Source)
	at org.jdesktop.swingx.JXCollapsiblePane.getPreferredSize(JXCollapsiblePane.java:656)
	at java.desktop/java.awt.GridBagLayout.GetLayoutInfo(Unknown Source)
	at java.desktop/java.awt.GridBagLayout.getLayoutInfo(Unknown Source)
	at java.desktop/java.awt.GridBagLayout.preferredLayoutSize(Unknown Source)
	at java.desktop/java.awt.Container.preferredSize(Unknown Source)
	at java.desktop/java.awt.Container.getPreferredSize(Unknown Source)
	at java.desktop/javax.swing.JComponent.getPreferredSize(Unknown Source)
	at java.desktop/javax.swing.ScrollPaneLayout.layoutContainer(Unknown Source)
	at java.desktop/java.awt.Container.layout(Unknown Source)
	at java.desktop/java.awt.Container.doLayout(Unknown Source)
	at java.desktop/java.awt.Container.validateTree(Unknown Source)
	at java.desktop/java.awt.Container.validate(Unknown Source)
	at java.desktop/javax.swing.RepaintManager$3.run(Unknown Source)
	at java.desktop/javax.swing.RepaintManager$3.run(Unknown Source)
	at java.base/java.security.AccessController.doPrivileged(Native Method)
	at java.base/java.security.ProtectionDomain$JavaSecurityAccessImpl.doIntersectionPrivilege(Unknown Source)
	at java.desktop/javax.swing.RepaintManager.validateInvalidComponents(Unknown Source)
	at java.desktop/javax.swing.RepaintManager$ProcessingRunnable.run(Unknown Source)
	at java.desktop/java.awt.event.InvocationEvent.dispatch(Unknown Source)
	at java.desktop/java.awt.EventQueue.dispatchEventImpl(Unknown Source)
	at java.desktop/java.awt.EventQueue$4.run(Unknown Source)
	at java.desktop/java.awt.EventQueue$4.run(Unknown Source)
	at java.base/java.security.AccessController.doPrivileged(Native Method)
	at java.base/java.security.ProtectionDomain$JavaSecurityAccessImpl.doIntersectionPrivilege(Unknown Source)
	at java.desktop/java.awt.EventQueue.dispatchEvent(Unknown Source)
	at java.desktop/java.awt.EventDispatchThread.pumpOneEventForFilters(Unknown Source)
	at java.desktop/java.awt.EventDispatchThread.pumpEventsForFilter(Unknown Source)
	at java.desktop/java.awt.EventDispatchThread.pumpEventsForFilter(Unknown Source)
	at java.desktop/java.awt.WaitDispatchSupport$2.run(Unknown Source)
	at java.desktop/java.awt.WaitDispatchSupport$4.run(Unknown Source)
	at java.desktop/java.awt.WaitDispatchSupport$4.run(Unknown Source)
	at java.base/java.security.AccessController.doPrivileged(Native Method)
	at java.desktop/java.awt.WaitDispatchSupport.enter(Unknown Source)
	at java.desktop/java.awt.Dialog.show(Unknown Source)
	at java.desktop/java.awt.Component.show(Unknown Source)
	at java.desktop/java.awt.Component.setVisible(Unknown Source)
	at java.desktop/java.awt.Window.setVisible(Unknown Source)
	at java.desktop/java.awt.Dialog.setVisible(Unknown Source)
	at serpro.ppgd.irpf.gui.util.GuiUtil.exibeDialog(GuiUtil.java:392)
	at serpro.ppgd.irpf.gui.util.GuiUtil.exibeDialog(GuiUtil.java:320)
	at serpro.ppgd.irpf.gui.util.GuiUtil.executarTarefa(GuiUtil.java:810)
	at serpro.ppgd.irpf.gui.util.GuiUtil.executarTarefa(GuiUtil.java:830)
	at serpro.ppgd.irpf.gui.ControladorGui.abrirDemonstrativo(ControladorGui.java:1014)
	at serpro.ppgd.irpf.gui.PainelDeclaracoesTransmitidas$11.mouseClicked(PainelDeclaracoesTransmitidas.java:216)
	at java.desktop/java.awt.AWTEventMulticaster.mouseClicked(Unknown Source)
	at java.desktop/java.awt.Component.processMouseEvent(Unknown Source)
	at java.desktop/javax.swing.JComponent.processMouseEvent(Unknown Source)
	at java.desktop/java.awt.Component.processEvent(Unknown Source)
	at java.desktop/java.awt.Container.processEvent(Unknown Source)
	at java.desktop/java.awt.Component.dispatchEventImpl(Unknown Source)
	at java.desktop/java.awt.Container.dispatchEventImpl(Unknown Source)
	at java.desktop/java.awt.Component.dispatchEvent(Unknown Source)
	at java.desktop/java.awt.LightweightDispatcher.retargetMouseEvent(Unknown Source)
	at java.desktop/java.awt.LightweightDispatcher.processMouseEvent(Unknown Source)
	at java.desktop/java.awt.LightweightDispatcher.dispatchEvent(Unknown Source)
	at java.desktop/java.awt.Container.dispatchEventImpl(Unknown Source)
	at java.desktop/java.awt.Window.dispatchEventImpl(Unknown Source)
	at java.desktop/java.awt.Component.dispatchEvent(Unknown Source)
	at java.desktop/java.awt.EventQueue.dispatchEventImpl(Unknown Source)
	at java.desktop/java.awt.EventQueue$4.run(Unknown Source)
	at java.desktop/java.awt.EventQueue$4.run(Unknown Source)
	at java.base/java.security.AccessController.doPrivileged(Native Method)
	at java.base/java.security.ProtectionDomain$JavaSecurityAccessImpl.doIntersectionPrivilege(Unknown Source)
	at java.base/java.security.ProtectionDomain$JavaSecurityAccessImpl.doIntersectionPrivilege(Unknown Source)
	at java.desktop/java.awt.EventQueue$5.run(Unknown Source)
	at java.desktop/java.awt.EventQueue$5.run(Unknown Source)
	at java.base/java.security.AccessController.doPrivileged(Native Method)
	at java.base/java.security.ProtectionDomain$JavaSecurityAccessImpl.doIntersectionPrivilege(Unknown Source)
	at java.desktop/java.awt.EventQueue.dispatchEvent(Unknown Source)
	at java.desktop/java.awt.EventDispatchThread.pumpOneEventForFilters(Unknown Source)
	at java.desktop/java.awt.EventDispatchThread.pumpEventsForFilter(Unknown Source)
	at java.desktop/java.awt.EventDispatchThread.pumpEventsForHierarchy(Unknown Source)
	at java.desktop/java.awt.EventDispatchThread.pumpEvents(Unknown Source)
	at java.desktop/java.awt.EventDispatchThread.pumpEvents(Unknown Source)
	at java.desktop/java.awt.EventDispatchThread.run(Unknown Source)
mar 26, 2025 11:32:00 AM serpro.ppgd.negocio.util.LogPPGD erro
GRAVE: Erro ao excluir backup (não existe)
mar 26, 2025 11:32:00 AM serpro.ppgd.negocio.util.LogPPGD erro
GRAVE: Erro deletar arquivo.
Sistema: Mac OS X
Java: 11.0.15
JavaHome: /Applications/IRPF2025/.install4j/jre.bundle/Contents/Home
mar 26, 2025 11:33:28 AM serpro.ppgd.negocio.util.LogPPGD erro
GRAVE: Erro nï¿½o Tratado: java.lang.NullPointerException
Warning: Could not get charToByteConverterClass!
mar 26, 2025 11:35:19 AM serpro.ppgd.negocio.util.LogPPGD erro
GRAVE: Erro ao excluir backup (não existe)
mar 26, 2025 11:35:19 AM serpro.ppgd.negocio.util.LogPPGD erro
GRAVE: Erro deletar arquivo.
Sistema: Mac OS X
Java: 11.0.15
JavaHome: /Applications/IRPF2025/.install4j/jre.bundle/Contents/Home
cmdDir=/Applications/IRPF2025
cmd=[/Applications/IRPF2025/.install4j/jre.bundle/Contents/Home/bin/java, -jar, /Applications/IRPF2025/pgd-updater.jar, -U, -W, -appName, IRPF2025, -tempDir, /Users/jessemisaeldepaula/.irpf/tmp_IRPF2025, -destDir, /Applications/IRPF2025, -zipFile, IRPF2025-1.1_update_1.2.zip, -releaseUpdateProperties, /Users/jessemisaeldepaula/Documents/ProgramasRFB/IRPF2025/aplicacao/dados/release_properties.xml, -logFile, /Users/jessemisaeldepaula/Documents/ProgramasRFB/IRPF2025/updater.log, -appComandSeparator, #, -appComand, open#/Applications/IRPF2025/IRPF2025.app]
Sistema: Mac OS X
Java: 11.0.15
JavaHome: /Applications/IRPF2025/.install4j/jre.bundle/Contents/Home
Sistema: Mac OS X
Java: 11.0.15
JavaHome: /Applications/IRPF2025/.install4j/jre.bundle/Contents/Home
Sistema: Mac OS X
Java: 11.0.15
JavaHome: /Applications/IRPF2025/.install4j/jre.bundle/Contents/Home
cmdDir=/Applications/IRPF2025
cmd=[/Applications/IRPF2025/.install4j/jre.bundle/Contents/Home/bin/java, -jar, /Applications/IRPF2025/pgd-updater.jar, -U, -W, -appName, IRPF2025, -tempDir, /Users/jessemisaeldepaula/.irpf/tmp_IRPF2025, -destDir, /Applications/IRPF2025, -zipFile, IRPF2025-1.2_update_1.3.zip, -releaseUpdateProperties, /Users/jessemisaeldepaula/Documents/ProgramasRFB/IRPF2025/aplicacao/dados/release_properties.xml, -logFile, /Users/jessemisaeldepaula/Documents/ProgramasRFB/IRPF2025/updater.log, -appComandSeparator, #, -appComand, open#/Applications/IRPF2025/IRPF2025.app]
Sistema: Mac OS X
Java: 11.0.15
JavaHome: /Applications/IRPF2025/.install4j/jre.bundle/Contents/Home
serpro.ppgd.irpf.exception.BarramentoException: Ocorreu um erro durante a solicitação de acesso a dados do contribuinte. Ocorreu um erro na execução de sua solicitação. Tente novamente
	at serpro.ppgd.irpf.nuvem.BarramentoIRPFService.login(BarramentoIRPFService.java:223)
	at serpro.ppgd.irpf.nuvem.BarramentoIRPFService.lambda$initHTTPLocalhostServer$1(BarramentoIRPFService.java:297)
	at jdk.httpserver/com.sun.net.httpserver.Filter$Chain.doFilter(Unknown Source)
	at jdk.httpserver/sun.net.httpserver.AuthFilter.doFilter(Unknown Source)
	at jdk.httpserver/com.sun.net.httpserver.Filter$Chain.doFilter(Unknown Source)
	at jdk.httpserver/sun.net.httpserver.ServerImpl$Exchange$LinkHandler.handle(Unknown Source)
	at jdk.httpserver/com.sun.net.httpserver.Filter$Chain.doFilter(Unknown Source)
	at jdk.httpserver/sun.net.httpserver.ServerImpl$Exchange.run(Unknown Source)
	at java.base/java.util.concurrent.ThreadPoolExecutor.runWorker(Unknown Source)
	at java.base/java.util.concurrent.ThreadPoolExecutor$Worker.run(Unknown Source)
	at java.base/java.lang.Thread.run(Unknown Source)
Caused by: serpro.ppgd.irpf.exception.BarramentoException: Ocorreu um erro na execução de sua solicitação. Tente novamente
	at serpro.ppgd.irpf.nuvem.BarramentoIRPFService.obterTokenAcessoIRPF(BarramentoIRPFService.java:340)
	at serpro.ppgd.irpf.nuvem.BarramentoIRPFService.login(BarramentoIRPFService.java:209)
	... 10 more
Caused by: java.lang.Exception: Causa:
 Excecao:  [Erro ao consultar Acesso GovBr obterTokenAcessoGov(). [Parametros: code=null; state=0fdbb102-a80b-4864-96e0-45ea00db263d]] [Unknown error, status code 500]
	at serpro.ppgd.irpf.exception.BarramentoException.<init>(BarramentoException.java:13)
	... 12 more
Warning: Could not get charToByteConverterClass!
mai 30, 2025 8:54:21 PM serpro.ppgd.negocio.util.LogPPGD erro
GRAVE: Unparseable date: "00000000000000"
mai 30, 2025 9:02:52 PM serpro.ppgd.negocio.util.LogPPGD erro
GRAVE: Erro deletar arquivo.
mai 30, 2025 9:03:18 PM serpro.ppgd.negocio.util.LogPPGD erro
GRAVE: Erro ao excluir backup (não existe)
mai 30, 2025 9:03:18 PM serpro.ppgd.negocio.util.LogPPGD erro
GRAVE: Erro deletar arquivo.
mai 30, 2025 9:03:38 PM serpro.ppgd.formatosexternos.PPGDJRViewer run
GRAVE: Print error.
net.sf.jasperreports.engine.JRException: No printer available.
	at net.sf.jasperreports.engine.JasperPrintManager.print(JasperPrintManager.java:121)
	at net.sf.jasperreports.engine.JasperPrintManager.printReport(JasperPrintManager.java:322)
	at serpro.ppgd.formatosexternos.PPGDJRViewer$21.run(PPGDJRViewer.java:1221)
	at java.base/java.lang.Thread.run(Unknown Source)

mai 30, 2025 9:04:16 PM serpro.ppgd.negocio.util.LogPPGD erro
GRAVE: Erro não Tratado: java.lang.NullPointerException
Sistema: Mac OS X
Java: 11.0.15
JavaHome: /Applications/IRPF2025/.install4j/jre.bundle/Contents/Home
Warning: Could not get charToByteConverterClass!
jun 02, 2025 11:57:24 AM serpro.ppgd.negocio.util.LogPPGD erro
GRAVE: Erro ao excluir backup (não existe)
jun 02, 2025 11:57:24 AM serpro.ppgd.negocio.util.LogPPGD erro
GRAVE: Erro deletar arquivo.
jun 02, 2025 11:58:17 AM serpro.ppgd.negocio.util.LogPPGD erro
GRAVE: Erro não Tratado: java.lang.NullPointerException
Sistema: Mac OS X
Java: 11.0.15
JavaHome: /Applications/IRPF2025/.install4j/jre.bundle/Contents/Home
jun 02, 2025 12:02:18 PM serpro.ppgd.negocio.util.LogPPGD erro
GRAVE: Erro não Tratado: java.lang.NullPointerException
